This file contains any messages produced by compilers while
running configure, to aid debugging if configure makes a mistake.

It was created by fltk configure 1.4.0, which was
generated by GNU Autoconf 2.69.  Invocation command line was

  $ ./fltk/configure 

## --------- ##
## Platform. ##
## --------- ##

hostname = debian
uname -m = x86_64
uname -r = 5.10.0-21-amd64
uname -s = Linux
uname -v = #1 SMP Debian 5.10.162-1 (2023-01-21)

/usr/bin/uname -p = unknown
/bin/uname -X     = unknown

/bin/arch              = x86_64
/usr/bin/arch -k       = unknown
/usr/convex/getsysinfo = unknown
/usr/bin/hostinfo      = unknown
/bin/machine           = unknown
/usr/bin/oslevel       = unknown
/bin/universe          = unknown

PATH: /home/patrick/bin
PATH: /usr/local/bin
PATH: /usr/bin
PATH: /bin
PATH: /usr/local/games
PATH: /usr/games


## ----------- ##
## Core tests. ##
## ----------- ##

configure:2555: checking build system type
configure:2569: result: x86_64-unknown-linux-gnu
configure:2589: checking host system type
configure:2602: result: x86_64-unknown-linux-gnu
configure:2691: checking for gcc
configure:2707: found /usr/bin/gcc
configure:2718: result: gcc
configure:2947: checking for C compiler version
configure:2956: gcc --version >&5
gcc (Debian 10.2.1-6) 10.2.1 20210110
Copyright (C) 2020 Free Software Foundation, Inc.
This is free software; see the source for copying conditions.  There is NO
warranty; not even for MERCHANTABILITY or FITNESS FOR A PARTICULAR PURPOSE.

configure:2967: $? = 0
configure:2956: gcc -v >&5
Using built-in specs.
COLLECT_GCC=gcc
COLLECT_LTO_WRAPPER=/usr/lib/gcc/x86_64-linux-gnu/10/lto-wrapper
OFFLOAD_TARGET_NAMES=nvptx-none:amdgcn-amdhsa:hsa
OFFLOAD_TARGET_DEFAULT=1
Target: x86_64-linux-gnu
Configured with: ../src/configure -v --with-pkgversion='Debian 10.2.1-6' --with-bugurl=file:///usr/share/doc/gcc-10/README.Bugs --enable-languages=c,ada,c++,go,brig,d,fortran,objc,obj-c++,m2 --prefix=/usr --with-gcc-major-version-only --program-suffix=-10 --program-prefix=x86_64-linux-gnu- --enable-shared --enable-linker-build-id --libexecdir=/usr/lib --without-included-gettext --enable-threads=posix --libdir=/usr/lib --enable-nls --enable-bootstrap --enable-clocale=gnu --enable-libstdcxx-debug --enable-libstdcxx-time=yes --with-default-libstdcxx-abi=new --enable-gnu-unique-object --disable-vtable-verify --enable-plugin --enable-default-pie --with-system-zlib --enable-libphobos-checking=release --with-target-system-zlib=auto --enable-objc-gc=auto --enable-multiarch --disable-werror --with-arch-32=i686 --with-abi=m64 --with-multilib-list=m32,m64,mx32 --enable-multilib --with-tune=generic --enable-offload-targets=nvptx-none=/build/gcc-10-Km9U7s/gcc-10-10.2.1/debian/tmp-nvptx/usr,amdgcn-amdhsa=/build/gcc-10-Km9U7s/gcc-10-10.2.1/debian/tmp-gcn/usr,hsa --without-cuda-driver --enable-checking=release --build=x86_64-linux-gnu --host=x86_64-linux-gnu --target=x86_64-linux-gnu --with-build-config=bootstrap-lto-lean --enable-link-mutex
Thread model: posix
Supported LTO compression algorithms: zlib zstd
gcc version 10.2.1 20210110 (Debian 10.2.1-6) 
... rest of stderr output deleted ...
configure:2967: $? = 0
configure:2956: gcc -V >&5
gcc: error: unrecognized command-line option '-V'
gcc: fatal error: no input files
compilation terminated.
configure:2967: $? = 1
configure:2956: gcc -qversion >&5
gcc: error: unrecognized command-line option '-qversion'; did you mean '--version'?
gcc: fatal error: no input files
compilation terminated.
configure:2967: $? = 1
configure:2987: checking whether the C compiler works
configure:3009: gcc    conftest.c  >&5
configure:3013: $? = 0
configure:3061: result: yes
configure:3064: checking for C compiler default output file name
configure:3066: result: a.out
configure:3072: checking for suffix of executables
configure:3079: gcc -o conftest    conftest.c  >&5
configure:3083: $? = 0
configure:3105: result: 
configure:3127: checking whether we are cross compiling
configure:3135: gcc -o conftest    conftest.c  >&5
configure:3139: $? = 0
configure:3146: ./conftest
configure:3150: $? = 0
configure:3165: result: no
configure:3170: checking for suffix of object files
configure:3192: gcc -c   conftest.c >&5
configure:3196: $? = 0
configure:3217: result: o
configure:3221: checking whether we are using the GNU C compiler
configure:3240: gcc -c   conftest.c >&5
configure:3240: $? = 0
configure:3249: result: yes
configure:3258: checking whether gcc accepts -g
configure:3278: gcc -c -g  conftest.c >&5
configure:3278: $? = 0
configure:3319: result: yes
configure:3336: checking for gcc option to accept ISO C89
configure:3399: gcc  -c   conftest.c >&5
configure:3399: $? = 0
configure:3412: result: none needed
configure:3490: checking for g++
configure:3506: found /usr/bin/g++
configure:3517: result: g++
configure:3544: checking for C++ compiler version
configure:3553: g++ --version >&5
g++ (Debian 10.2.1-6) 10.2.1 20210110
Copyright (C) 2020 Free Software Foundation, Inc.
This is free software; see the source for copying conditions.  There is NO
warranty; not even for MERCHANTABILITY or FITNESS FOR A PARTICULAR PURPOSE.

configure:3564: $? = 0
configure:3553: g++ -v >&5
Using built-in specs.
COLLECT_GCC=g++
COLLECT_LTO_WRAPPER=/usr/lib/gcc/x86_64-linux-gnu/10/lto-wrapper
OFFLOAD_TARGET_NAMES=nvptx-none:amdgcn-amdhsa:hsa
OFFLOAD_TARGET_DEFAULT=1
Target: x86_64-linux-gnu
Configured with: ../src/configure -v --with-pkgversion='Debian 10.2.1-6' --with-bugurl=file:///usr/share/doc/gcc-10/README.Bugs --enable-languages=c,ada,c++,go,brig,d,fortran,objc,obj-c++,m2 --prefix=/usr --with-gcc-major-version-only --program-suffix=-10 --program-prefix=x86_64-linux-gnu- --enable-shared --enable-linker-build-id --libexecdir=/usr/lib --without-included-gettext --enable-threads=posix --libdir=/usr/lib --enable-nls --enable-bootstrap --enable-clocale=gnu --enable-libstdcxx-debug --enable-libstdcxx-time=yes --with-default-libstdcxx-abi=new --enable-gnu-unique-object --disable-vtable-verify --enable-plugin --enable-default-pie --with-system-zlib --enable-libphobos-checking=release --with-target-system-zlib=auto --enable-objc-gc=auto --enable-multiarch --disable-werror --with-arch-32=i686 --with-abi=m64 --with-multilib-list=m32,m64,mx32 --enable-multilib --with-tune=generic --enable-offload-targets=nvptx-none=/build/gcc-10-Km9U7s/gcc-10-10.2.1/debian/tmp-nvptx/usr,amdgcn-amdhsa=/build/gcc-10-Km9U7s/gcc-10-10.2.1/debian/tmp-gcn/usr,hsa --without-cuda-driver --enable-checking=release --build=x86_64-linux-gnu --host=x86_64-linux-gnu --target=x86_64-linux-gnu --with-build-config=bootstrap-lto-lean --enable-link-mutex
Thread model: posix
Supported LTO compression algorithms: zlib zstd
gcc version 10.2.1 20210110 (Debian 10.2.1-6) 
... rest of stderr output deleted ...
configure:3564: $? = 0
configure:3553: g++ -V >&5
g++: error: unrecognized command-line option '-V'
g++: fatal error: no input files
compilation terminated.
configure:3564: $? = 1
configure:3553: g++ -qversion >&5
g++: error: unrecognized command-line option '-qversion'; did you mean '--version'?
g++: fatal error: no input files
compilation terminated.
configure:3564: $? = 1
configure:3568: checking whether we are using the GNU C++ compiler
configure:3587: g++ -c   conftest.cpp >&5
configure:3587: $? = 0
configure:3596: result: yes
configure:3605: checking whether g++ accepts -g
configure:3625: g++ -c -g  conftest.cpp >&5
configure:3625: $? = 0
configure:3666: result: yes
configure:3735: checking for pkg-config
configure:3753: found /usr/bin/pkg-config
configure:3765: result: /usr/bin/pkg-config
configure:4485: checking for a BSD-compatible install
configure:4553: result: /usr/bin/install -c
configure:4584: checking for nroff
configure:4602: found /usr/bin/nroff
configure:4614: result: /usr/bin/nroff
configure:4628: checking for doxygen
configure:4661: result: no
configure:4710: checking for ranlib
configure:4726: found /usr/bin/ranlib
configure:4737: result: ranlib
configure:4805: checking for ar
configure:4823: found /usr/bin/ar
configure:4835: result: /usr/bin/ar
configure:4922: checking for windres
configure:4955: result: no
configure:4980: checking how to run the C preprocessor
configure:5011: gcc -E  conftest.c
configure:5011: $? = 0
configure:5025: gcc -E  conftest.c
conftest.c:10:10: fatal error: ac_nonexistent.h: No such file or directory
   10 | #include <ac_nonexistent.h>
      |          ^~~~~~~~~~~~~~~~~~
compilation terminated.
configure:5025: $? = 1
configure: failed program was:
| /* confdefs.h */
| #define PACKAGE_NAME "fltk"
| #define PACKAGE_TARNAME "fltk"
| #define PACKAGE_VERSION "1.4.0"
| #define PACKAGE_STRING "fltk 1.4.0"
| #define PACKAGE_BUGREPORT "https://github.com/fltk/fltk/issues"
| #define PACKAGE_URL "https://www.fltk.org/"
| #define FLTK_USE_SVG 1
| /* end confdefs.h.  */
| #include <ac_nonexistent.h>
configure:5050: result: gcc -E
configure:5070: gcc -E  conftest.c
configure:5070: $? = 0
configure:5084: gcc -E  conftest.c
conftest.c:10:10: fatal error: ac_nonexistent.h: No such file or directory
   10 | #include <ac_nonexistent.h>
      |          ^~~~~~~~~~~~~~~~~~
compilation terminated.
configure:5084: $? = 1
configure: failed program was:
| /* confdefs.h */
| #define PACKAGE_NAME "fltk"
| #define PACKAGE_TARNAME "fltk"
| #define PACKAGE_VERSION "1.4.0"
| #define PACKAGE_STRING "fltk 1.4.0"
| #define PACKAGE_BUGREPORT "https://github.com/fltk/fltk/issues"
| #define PACKAGE_URL "https://www.fltk.org/"
| #define FLTK_USE_SVG 1
| /* end confdefs.h.  */
| #include <ac_nonexistent.h>
configure:5113: checking for grep that handles long lines and -e
configure:5171: result: /usr/bin/grep
configure:5176: checking for egrep
configure:5238: result: /usr/bin/grep -E
configure:5243: checking for ANSI C header files
configure:5263: gcc -c   conftest.c >&5
configure:5263: $? = 0
configure:5336: gcc -o conftest    conftest.c  >&5
configure:5336: $? = 0
configure:5336: ./conftest
configure:5336: $? = 0
configure:5347: result: yes
configure:5360: checking for sys/types.h
configure:5360: gcc -c   conftest.c >&5
configure:5360: $? = 0
configure:5360: result: yes
configure:5360: checking for sys/stat.h
configure:5360: gcc -c   conftest.c >&5
configure:5360: $? = 0
configure:5360: result: yes
configure:5360: checking for stdlib.h
configure:5360: gcc -c   conftest.c >&5
configure:5360: $? = 0
configure:5360: result: yes
configure:5360: checking for string.h
configure:5360: gcc -c   conftest.c >&5
configure:5360: $? = 0
configure:5360: result: yes
configure:5360: checking for memory.h
configure:5360: gcc -c   conftest.c >&5
configure:5360: $? = 0
configure:5360: result: yes
configure:5360: checking for strings.h
configure:5360: gcc -c   conftest.c >&5
configure:5360: $? = 0
configure:5360: result: yes
configure:5360: checking for inttypes.h
configure:5360: gcc -c   conftest.c >&5
configure:5360: $? = 0
configure:5360: result: yes
configure:5360: checking for stdint.h
configure:5360: gcc -c   conftest.c >&5
configure:5360: $? = 0
configure:5360: result: yes
configure:5360: checking for unistd.h
configure:5360: gcc -c   conftest.c >&5
configure:5360: $? = 0
configure:5360: result: yes
configure:5376: checking size of short
configure:5381: gcc -o conftest    conftest.c  >&5
configure:5381: $? = 0
configure:5381: ./conftest
configure:5381: $? = 0
configure:5395: result: 2
configure:5409: checking size of int
configure:5414: gcc -o conftest    conftest.c  >&5
configure:5414: $? = 0
configure:5414: ./conftest
configure:5414: $? = 0
configure:5428: result: 4
configure:5442: checking size of long
configure:5447: gcc -o conftest    conftest.c  >&5
configure:5447: $? = 0
configure:5447: ./conftest
configure:5447: $? = 0
configure:5461: result: 8
configure:5495: checking whether byte ordering is bigendian
configure:5510: gcc -c   conftest.c >&5
conftest.c:26:9: error: unknown type name 'not'
   26 |         not a universal capable compiler
      |         ^~~
conftest.c:26:15: error: expected '=', ',', ';', 'asm' or '__attribute__' before 'universal'
   26 |         not a universal capable compiler
      |               ^~~~~~~~~
conftest.c:26:15: error: unknown type name 'universal'
configure:5510: $? = 1
configure: failed program was:
| /* confdefs.h */
| #define PACKAGE_NAME "fltk"
| #define PACKAGE_TARNAME "fltk"
| #define PACKAGE_VERSION "1.4.0"
| #define PACKAGE_STRING "fltk 1.4.0"
| #define PACKAGE_BUGREPORT "https://github.com/fltk/fltk/issues"
| #define PACKAGE_URL "https://www.fltk.org/"
| #define FLTK_USE_SVG 1
| #define STDC_HEADERS 1
| #define HAVE_SYS_TYPES_H 1
| #define HAVE_SYS_STAT_H 1
| #define HAVE_STDLIB_H 1
| #define HAVE_STRING_H 1
| #define HAVE_MEMORY_H 1
| #define HAVE_STRINGS_H 1
| #define HAVE_INTTYPES_H 1
| #define HAVE_STDINT_H 1
| #define HAVE_UNISTD_H 1
| #define SIZEOF_SHORT 2
| #define SIZEOF_INT 4
| #define SIZEOF_LONG 8
| #define U16 unsigned short
| #define U32 unsigned
| /* end confdefs.h.  */
| #ifndef __APPLE_CC__
| 	       not a universal capable compiler
| 	     #endif
| 	     typedef int dummy;
| 
configure:5555: gcc -c   conftest.c >&5
configure:5555: $? = 0
configure:5573: gcc -c   conftest.c >&5
conftest.c: In function 'main':
conftest.c:32:4: error: unknown type name 'not'; did you mean 'ino_t'?
   32 |    not big endian
      |    ^~~
      |    ino_t
conftest.c:32:12: error: expected '=', ',', ';', 'asm' or '__attribute__' before 'endian'
   32 |    not big endian
      |            ^~~~~~
configure:5573: $? = 1
configure: failed program was:
| /* confdefs.h */
| #define PACKAGE_NAME "fltk"
| #define PACKAGE_TARNAME "fltk"
| #define PACKAGE_VERSION "1.4.0"
| #define PACKAGE_STRING "fltk 1.4.0"
| #define PACKAGE_BUGREPORT "https://github.com/fltk/fltk/issues"
| #define PACKAGE_URL "https://www.fltk.org/"
| #define FLTK_USE_SVG 1
| #define STDC_HEADERS 1
| #define HAVE_SYS_TYPES_H 1
| #define HAVE_SYS_STAT_H 1
| #define HAVE_STDLIB_H 1
| #define HAVE_STRING_H 1
| #define HAVE_MEMORY_H 1
| #define HAVE_STRINGS_H 1
| #define HAVE_INTTYPES_H 1
| #define HAVE_STDINT_H 1
| #define HAVE_UNISTD_H 1
| #define SIZEOF_SHORT 2
| #define SIZEOF_INT 4
| #define SIZEOF_LONG 8
| #define U16 unsigned short
| #define U32 unsigned
| /* end confdefs.h.  */
| #include <sys/types.h>
| 		#include <sys/param.h>
| 
| int
| main ()
| {
| #if BYTE_ORDER != BIG_ENDIAN
| 		 not big endian
| 		#endif
| 
|   ;
|   return 0;
| }
configure:5701: result: no
configure:5740: checking for dirent.h that defines DIR
configure:5759: gcc -c   conftest.c >&5
configure:5759: $? = 0
configure:5767: result: yes
configure:5780: checking for library containing opendir
configure:5811: gcc -o conftest    conftest.c  >&5
configure:5811: $? = 0
configure:5828: result: none required
configure:5898: checking sys/select.h usability
configure:5898: gcc -c   conftest.c >&5
configure:5898: $? = 0
configure:5898: result: yes
configure:5898: checking sys/select.h presence
configure:5898: gcc -E  conftest.c
configure:5898: $? = 0
configure:5898: result: yes
configure:5898: checking for sys/select.h
configure:5898: result: yes
configure:5898: checking sys/stdtypes.h usability
configure:5898: gcc -c   conftest.c >&5
conftest.c:61:10: fatal error: sys/stdtypes.h: No such file or directory
   61 | #include <sys/stdtypes.h>
      |          ^~~~~~~~~~~~~~~~
compilation terminated.
configure:5898: $? = 1
configure: failed program was:
| /* confdefs.h */
| #define PACKAGE_NAME "fltk"
| #define PACKAGE_TARNAME "fltk"
| #define PACKAGE_VERSION "1.4.0"
| #define PACKAGE_STRING "fltk 1.4.0"
| #define PACKAGE_BUGREPORT "https://github.com/fltk/fltk/issues"
| #define PACKAGE_URL "https://www.fltk.org/"
| #define FLTK_USE_SVG 1
| #define STDC_HEADERS 1
| #define HAVE_SYS_TYPES_H 1
| #define HAVE_SYS_STAT_H 1
| #define HAVE_STDLIB_H 1
| #define HAVE_STRING_H 1
| #define HAVE_MEMORY_H 1
| #define HAVE_STRINGS_H 1
| #define HAVE_INTTYPES_H 1
| #define HAVE_STDINT_H 1
| #define HAVE_UNISTD_H 1
| #define SIZEOF_SHORT 2
| #define SIZEOF_INT 4
| #define SIZEOF_LONG 8
| #define U16 unsigned short
| #define U32 unsigned
| #define U64 unsigned long
| #define HAVE_DIRENT_H 1
| #define HAVE_SYS_SELECT_H 1
| /* end confdefs.h.  */
| #include <stdio.h>
| #ifdef HAVE_SYS_TYPES_H
| # include <sys/types.h>
| #endif
| #ifdef HAVE_SYS_STAT_H
| # include <sys/stat.h>
| #endif
| #ifdef STDC_HEADERS
| # include <stdlib.h>
| # include <stddef.h>
| #else
| # ifdef HAVE_STDLIB_H
| #  include <stdlib.h>
| # endif
| #endif
| #ifdef HAVE_STRING_H
| # if !defined STDC_HEADERS && defined HAVE_MEMORY_H
| #  include <memory.h>
| # endif
| # include <string.h>
| #endif
| #ifdef HAVE_STRINGS_H
| # include <strings.h>
| #endif
| #ifdef HAVE_INTTYPES_H
| # include <inttypes.h>
| #endif
| #ifdef HAVE_STDINT_H
| # include <stdint.h>
| #endif
| #ifdef HAVE_UNISTD_H
| # include <unistd.h>
| #endif
| #include <sys/stdtypes.h>
configure:5898: result: no
configure:5898: checking sys/stdtypes.h presence
configure:5898: gcc -E  conftest.c
conftest.c:28:10: fatal error: sys/stdtypes.h: No such file or directory
   28 | #include <sys/stdtypes.h>
      |          ^~~~~~~~~~~~~~~~
compilation terminated.
configure:5898: $? = 1
configure: failed program was:
| /* confdefs.h */
| #define PACKAGE_NAME "fltk"
| #define PACKAGE_TARNAME "fltk"
| #define PACKAGE_VERSION "1.4.0"
| #define PACKAGE_STRING "fltk 1.4.0"
| #define PACKAGE_BUGREPORT "https://github.com/fltk/fltk/issues"
| #define PACKAGE_URL "https://www.fltk.org/"
| #define FLTK_USE_SVG 1
| #define STDC_HEADERS 1
| #define HAVE_SYS_TYPES_H 1
| #define HAVE_SYS_STAT_H 1
| #define HAVE_STDLIB_H 1
| #define HAVE_STRING_H 1
| #define HAVE_MEMORY_H 1
| #define HAVE_STRINGS_H 1
| #define HAVE_INTTYPES_H 1
| #define HAVE_STDINT_H 1
| #define HAVE_UNISTD_H 1
| #define SIZEOF_SHORT 2
| #define SIZEOF_INT 4
| #define SIZEOF_LONG 8
| #define U16 unsigned short
| #define U32 unsigned
| #define U64 unsigned long
| #define HAVE_DIRENT_H 1
| #define HAVE_SYS_SELECT_H 1
| /* end confdefs.h.  */
| #include <sys/stdtypes.h>
configure:5898: result: no
configure:5898: checking for sys/stdtypes.h
configure:5898: result: no
configure:5909: checking whether we have the POSIX compatible scandir() prototype
configure:5938: g++ -c   conftest.cpp >&5
configure:5938: $? = 0
configure:5952: result: yes
configure:5987: checking for vsnprintf
configure:5987: gcc -o conftest    conftest.c  >&5
conftest.c:53:6: warning: conflicting types for built-in function 'vsnprintf'; expected 'int(char *, long unsigned int,  const char *, __va_list_tag *)' [-Wbuiltin-declaration-mismatch]
   53 | char vsnprintf ();
      |      ^~~~~~~~~
conftest.c:41:1: note: 'vsnprintf' is declared in header '<stdio.h>'
   40 | # include <limits.h>
   41 | #else
configure:5987: $? = 0
configure:5987: result: yes
configure:6013: checking for snprintf
configure:6013: gcc -o conftest    conftest.c  >&5
conftest.c:54:6: warning: conflicting types for built-in function 'snprintf'; expected 'int(char *, long unsigned int,  const char *, ...)' [-Wbuiltin-declaration-mismatch]
   54 | char snprintf ();
      |      ^~~~~~~~
conftest.c:42:1: note: 'snprintf' is declared in header '<stdio.h>'
   41 | # include <limits.h>
   42 | #else
configure:6013: $? = 0
configure:6013: result: yes
configure:6041: checking for strings.h
configure:6041: result: yes
configure:6054: checking for strcasecmp
configure:6054: gcc -o conftest    conftest.c  >&5
conftest.c:56:6: warning: conflicting types for built-in function 'strcasecmp'; expected 'int(const char *, const char *)' [-Wbuiltin-declaration-mismatch]
   56 | char strcasecmp ();
      |      ^~~~~~~~~~
configure:6054: $? = 0
configure:6054: result: yes
configure:6054: checking for strlcat
configure:6054: gcc -o conftest    conftest.c  >&5
/usr/bin/ld: /tmp/ccNVotel.o: in function `main':
conftest.c:(.text+0xa): undefined reference to `strlcat'
collect2: error: ld returned 1 exit status
configure:6054: $? = 1
configure: failed program was:
| /* confdefs.h */
| #define PACKAGE_NAME "fltk"
| #define PACKAGE_TARNAME "fltk"
| #define PACKAGE_VERSION "1.4.0"
| #define PACKAGE_STRING "fltk 1.4.0"
| #define PACKAGE_BUGREPORT "https://github.com/fltk/fltk/issues"
| #define PACKAGE_URL "https://www.fltk.org/"
| #define FLTK_USE_SVG 1
| #define STDC_HEADERS 1
| #define HAVE_SYS_TYPES_H 1
| #define HAVE_SYS_STAT_H 1
| #define HAVE_STDLIB_H 1
| #define HAVE_STRING_H 1
| #define HAVE_MEMORY_H 1
| #define HAVE_STRINGS_H 1
| #define HAVE_INTTYPES_H 1
| #define HAVE_STDINT_H 1
| #define HAVE_UNISTD_H 1
| #define SIZEOF_SHORT 2
| #define SIZEOF_INT 4
| #define SIZEOF_LONG 8
| #define U16 unsigned short
| #define U32 unsigned
| #define U64 unsigned long
| #define HAVE_DIRENT_H 1
| #define HAVE_SYS_SELECT_H 1
| #define HAVE_SCANDIR 1
| #define HAVE_SCANDIR_POSIX 1
| #define HAVE_VSNPRINTF 1
| #define HAVE_SNPRINTF 1
| #define HAVE_STRINGS_H 1
| #define HAVE_STRCASECMP 1
| /* end confdefs.h.  */
| /* Define strlcat to an innocuous variant, in case <limits.h> declares strlcat.
|    For example, HP-UX 11i <limits.h> declares gettimeofday.  */
| #define strlcat innocuous_strlcat
| 
| /* System header to define __stub macros and hopefully few prototypes,
|     which can conflict with char strlcat (); below.
|     Prefer <limits.h> to <assert.h> if __STDC__ is defined, since
|     <limits.h> exists even on freestanding compilers.  */
| 
| #ifdef __STDC__
| # include <limits.h>
| #else
| # include <assert.h>
| #endif
| 
| #undef strlcat
| 
| /* Override any GCC internal prototype to avoid an error.
|    Use char because int might match the return type of a GCC
|    builtin and then its argument prototype would still apply.  */
| #ifdef __cplusplus
| extern "C"
| #endif
| char strlcat ();
| /* The GNU C library defines this for functions which it implements
|     to always fail with ENOSYS.  Some functions are actually named
|     something starting with __ and the normal name is an alias.  */
| #if defined __stub_strlcat || defined __stub___strlcat
| choke me
| #endif
| 
| int
| main ()
| {
| return strlcat ();
|   ;
|   return 0;
| }
configure:6054: result: no
configure:6054: checking for strlcpy
configure:6054: gcc -o conftest    conftest.c  >&5
/usr/bin/ld: /tmp/ccbDGRgF.o: in function `main':
conftest.c:(.text+0xa): undefined reference to `strlcpy'
collect2: error: ld returned 1 exit status
configure:6054: $? = 1
configure: failed program was:
| /* confdefs.h */
| #define PACKAGE_NAME "fltk"
| #define PACKAGE_TARNAME "fltk"
| #define PACKAGE_VERSION "1.4.0"
| #define PACKAGE_STRING "fltk 1.4.0"
| #define PACKAGE_BUGREPORT "https://github.com/fltk/fltk/issues"
| #define PACKAGE_URL "https://www.fltk.org/"
| #define FLTK_USE_SVG 1
| #define STDC_HEADERS 1
| #define HAVE_SYS_TYPES_H 1
| #define HAVE_SYS_STAT_H 1
| #define HAVE_STDLIB_H 1
| #define HAVE_STRING_H 1
| #define HAVE_MEMORY_H 1
| #define HAVE_STRINGS_H 1
| #define HAVE_INTTYPES_H 1
| #define HAVE_STDINT_H 1
| #define HAVE_UNISTD_H 1
| #define SIZEOF_SHORT 2
| #define SIZEOF_INT 4
| #define SIZEOF_LONG 8
| #define U16 unsigned short
| #define U32 unsigned
| #define U64 unsigned long
| #define HAVE_DIRENT_H 1
| #define HAVE_SYS_SELECT_H 1
| #define HAVE_SCANDIR 1
| #define HAVE_SCANDIR_POSIX 1
| #define HAVE_VSNPRINTF 1
| #define HAVE_SNPRINTF 1
| #define HAVE_STRINGS_H 1
| #define HAVE_STRCASECMP 1
| /* end confdefs.h.  */
| /* Define strlcpy to an innocuous variant, in case <limits.h> declares strlcpy.
|    For example, HP-UX 11i <limits.h> declares gettimeofday.  */
| #define strlcpy innocuous_strlcpy
| 
| /* System header to define __stub macros and hopefully few prototypes,
|     which can conflict with char strlcpy (); below.
|     Prefer <limits.h> to <assert.h> if __STDC__ is defined, since
|     <limits.h> exists even on freestanding compilers.  */
| 
| #ifdef __STDC__
| # include <limits.h>
| #else
| # include <assert.h>
| #endif
| 
| #undef strlcpy
| 
| /* Override any GCC internal prototype to avoid an error.
|    Use char because int might match the return type of a GCC
|    builtin and then its argument prototype would still apply.  */
| #ifdef __cplusplus
| extern "C"
| #endif
| char strlcpy ();
| /* The GNU C library defines this for functions which it implements
|     to always fail with ENOSYS.  Some functions are actually named
|     something starting with __ and the normal name is an alias.  */
| #if defined __stub_strlcpy || defined __stub___strlcpy
| choke me
| #endif
| 
| int
| main ()
| {
| return strlcpy ();
|   ;
|   return 0;
| }
configure:6054: result: no
configure:6066: checking locale.h usability
configure:6066: gcc -c   conftest.c >&5
configure:6066: $? = 0
configure:6066: result: yes
configure:6066: checking locale.h presence
configure:6066: gcc -E  conftest.c
configure:6066: $? = 0
configure:6066: result: yes
configure:6066: checking for locale.h
configure:6066: result: yes
configure:6078: checking for localeconv
configure:6078: gcc -o conftest    conftest.c  >&5
configure:6078: $? = 0
configure:6078: result: yes
configure:6089: checking for library containing pow
configure:6120: gcc -o conftest    conftest.c  >&5
conftest.c:43:6: warning: conflicting types for built-in function 'pow'; expected 'double(double,  double)' [-Wbuiltin-declaration-mismatch]
   43 | char pow ();
      |      ^~~
conftest.c:1:1: note: 'pow' is declared in header '<math.h>'
    1 | /* confdefs.h */
/usr/bin/ld: /tmp/ccWfetWz.o: in function `main':
conftest.c:(.text+0xa): undefined reference to `pow'
collect2: error: ld returned 1 exit status
configure:6120: $? = 1
configure: failed program was:
| /* confdefs.h */
| #define PACKAGE_NAME "fltk"
| #define PACKAGE_TARNAME "fltk"
| #define PACKAGE_VERSION "1.4.0"
| #define PACKAGE_STRING "fltk 1.4.0"
| #define PACKAGE_BUGREPORT "https://github.com/fltk/fltk/issues"
| #define PACKAGE_URL "https://www.fltk.org/"
| #define FLTK_USE_SVG 1
| #define STDC_HEADERS 1
| #define HAVE_SYS_TYPES_H 1
| #define HAVE_SYS_STAT_H 1
| #define HAVE_STDLIB_H 1
| #define HAVE_STRING_H 1
| #define HAVE_MEMORY_H 1
| #define HAVE_STRINGS_H 1
| #define HAVE_INTTYPES_H 1
| #define HAVE_STDINT_H 1
| #define HAVE_UNISTD_H 1
| #define SIZEOF_SHORT 2
| #define SIZEOF_INT 4
| #define SIZEOF_LONG 8
| #define U16 unsigned short
| #define U32 unsigned
| #define U64 unsigned long
| #define HAVE_DIRENT_H 1
| #define HAVE_SYS_SELECT_H 1
| #define HAVE_SCANDIR 1
| #define HAVE_SCANDIR_POSIX 1
| #define HAVE_VSNPRINTF 1
| #define HAVE_SNPRINTF 1
| #define HAVE_STRINGS_H 1
| #define HAVE_STRCASECMP 1
| #define HAVE_LOCALE_H 1
| #define HAVE_LOCALECONV 1
| /* end confdefs.h.  */
| 
| /* Override any GCC internal prototype to avoid an error.
|    Use char because int might match the return type of a GCC
|    builtin and then its argument prototype would still apply.  */
| #ifdef __cplusplus
| extern "C"
| #endif
| char pow ();
| int
| main ()
| {
| return pow ();
|   ;
|   return 0;
| }
configure:6120: gcc -o conftest    conftest.c -lm   >&5
conftest.c:43:6: warning: conflicting types for built-in function 'pow'; expected 'double(double,  double)' [-Wbuiltin-declaration-mismatch]
   43 | char pow ();
      |      ^~~
conftest.c:1:1: note: 'pow' is declared in header '<math.h>'
    1 | /* confdefs.h */
configure:6120: $? = 0
configure:6137: result: -lm
configure:6154: checking for special C compiler options needed for large files
configure:6199: result: no
configure:6205: checking for _FILE_OFFSET_BITS value needed for large files
configure:6230: gcc -c   conftest.c >&5
configure:6230: $? = 0
configure:6262: result: no
configure:6369: checking for long long int
configure:6402: result: yes
configure:6413: checking for library containing dlsym
configure:6444: gcc -o conftest    conftest.c -lm  >&5
/usr/bin/ld: /tmp/ccYsKma7.o: in function `main':
conftest.c:(.text+0xa): undefined reference to `dlsym'
collect2: error: ld returned 1 exit status
configure:6444: $? = 1
configure: failed program was:
| /* confdefs.h */
| #define PACKAGE_NAME "fltk"
| #define PACKAGE_TARNAME "fltk"
| #define PACKAGE_VERSION "1.4.0"
| #define PACKAGE_STRING "fltk 1.4.0"
| #define PACKAGE_BUGREPORT "https://github.com/fltk/fltk/issues"
| #define PACKAGE_URL "https://www.fltk.org/"
| #define FLTK_USE_SVG 1
| #define STDC_HEADERS 1
| #define HAVE_SYS_TYPES_H 1
| #define HAVE_SYS_STAT_H 1
| #define HAVE_STDLIB_H 1
| #define HAVE_STRING_H 1
| #define HAVE_MEMORY_H 1
| #define HAVE_STRINGS_H 1
| #define HAVE_INTTYPES_H 1
| #define HAVE_STDINT_H 1
| #define HAVE_UNISTD_H 1
| #define SIZEOF_SHORT 2
| #define SIZEOF_INT 4
| #define SIZEOF_LONG 8
| #define U16 unsigned short
| #define U32 unsigned
| #define U64 unsigned long
| #define HAVE_DIRENT_H 1
| #define HAVE_SYS_SELECT_H 1
| #define HAVE_SCANDIR 1
| #define HAVE_SCANDIR_POSIX 1
| #define HAVE_VSNPRINTF 1
| #define HAVE_SNPRINTF 1
| #define HAVE_STRINGS_H 1
| #define HAVE_STRCASECMP 1
| #define HAVE_LOCALE_H 1
| #define HAVE_LOCALECONV 1
| #define HAVE_LONG_LONG 1
| /* end confdefs.h.  */
| 
| /* Override any GCC internal prototype to avoid an error.
|    Use char because int might match the return type of a GCC
|    builtin and then its argument prototype would still apply.  */
| #ifdef __cplusplus
| extern "C"
| #endif
| char dlsym ();
| int
| main ()
| {
| return dlsym ();
|   ;
|   return 0;
| }
configure:6444: gcc -o conftest    conftest.c -ldl  -lm  >&5
configure:6444: $? = 0
configure:6461: result: -ldl
configure:6470: checking dlfcn.h usability
configure:6470: gcc -c   conftest.c >&5
configure:6470: $? = 0
configure:6470: result: yes
configure:6470: checking dlfcn.h presence
configure:6470: gcc -E  conftest.c
configure:6470: $? = 0
configure:6470: result: yes
configure:6470: checking for dlfcn.h
configure:6470: result: yes
configure:6492: checking alsa/asoundlib.h usability
configure:6492: gcc -c   conftest.c >&5
conftest.c:72:10: fatal error: alsa/asoundlib.h: No such file or directory
   72 | #include <alsa/asoundlib.h>
      |          ^~~~~~~~~~~~~~~~~~
compilation terminated.
configure:6492: $? = 1
configure: failed program was:
| /* confdefs.h */
| #define PACKAGE_NAME "fltk"
| #define PACKAGE_TARNAME "fltk"
| #define PACKAGE_VERSION "1.4.0"
| #define PACKAGE_STRING "fltk 1.4.0"
| #define PACKAGE_BUGREPORT "https://github.com/fltk/fltk/issues"
| #define PACKAGE_URL "https://www.fltk.org/"
| #define FLTK_USE_SVG 1
| #define STDC_HEADERS 1
| #define HAVE_SYS_TYPES_H 1
| #define HAVE_SYS_STAT_H 1
| #define HAVE_STDLIB_H 1
| #define HAVE_STRING_H 1
| #define HAVE_MEMORY_H 1
| #define HAVE_STRINGS_H 1
| #define HAVE_INTTYPES_H 1
| #define HAVE_STDINT_H 1
| #define HAVE_UNISTD_H 1
| #define SIZEOF_SHORT 2
| #define SIZEOF_INT 4
| #define SIZEOF_LONG 8
| #define U16 unsigned short
| #define U32 unsigned
| #define U64 unsigned long
| #define HAVE_DIRENT_H 1
| #define HAVE_SYS_SELECT_H 1
| #define HAVE_SCANDIR 1
| #define HAVE_SCANDIR_POSIX 1
| #define HAVE_VSNPRINTF 1
| #define HAVE_SNPRINTF 1
| #define HAVE_STRINGS_H 1
| #define HAVE_STRCASECMP 1
| #define HAVE_LOCALE_H 1
| #define HAVE_LOCALECONV 1
| #define HAVE_LONG_LONG 1
| #define HAVE_DLSYM 1
| #define HAVE_DLFCN_H 1
| /* end confdefs.h.  */
| #include <stdio.h>
| #ifdef HAVE_SYS_TYPES_H
| # include <sys/types.h>
| #endif
| #ifdef HAVE_SYS_STAT_H
| # include <sys/stat.h>
| #endif
| #ifdef STDC_HEADERS
| # include <stdlib.h>
| # include <stddef.h>
| #else
| # ifdef HAVE_STDLIB_H
| #  include <stdlib.h>
| # endif
| #endif
| #ifdef HAVE_STRING_H
| # if !defined STDC_HEADERS && defined HAVE_MEMORY_H
| #  include <memory.h>
| # endif
| # include <string.h>
| #endif
| #ifdef HAVE_STRINGS_H
| # include <strings.h>
| #endif
| #ifdef HAVE_INTTYPES_H
| # include <inttypes.h>
| #endif
| #ifdef HAVE_STDINT_H
| # include <stdint.h>
| #endif
| #ifdef HAVE_UNISTD_H
| # include <unistd.h>
| #endif
| #include <alsa/asoundlib.h>
configure:6492: result: no
configure:6492: checking alsa/asoundlib.h presence
configure:6492: gcc -E  conftest.c
conftest.c:39:10: fatal error: alsa/asoundlib.h: No such file or directory
   39 | #include <alsa/asoundlib.h>
      |          ^~~~~~~~~~~~~~~~~~
compilation terminated.
configure:6492: $? = 1
configure: failed program was:
| /* confdefs.h */
| #define PACKAGE_NAME "fltk"
| #define PACKAGE_TARNAME "fltk"
| #define PACKAGE_VERSION "1.4.0"
| #define PACKAGE_STRING "fltk 1.4.0"
| #define PACKAGE_BUGREPORT "https://github.com/fltk/fltk/issues"
| #define PACKAGE_URL "https://www.fltk.org/"
| #define FLTK_USE_SVG 1
| #define STDC_HEADERS 1
| #define HAVE_SYS_TYPES_H 1
| #define HAVE_SYS_STAT_H 1
| #define HAVE_STDLIB_H 1
| #define HAVE_STRING_H 1
| #define HAVE_MEMORY_H 1
| #define HAVE_STRINGS_H 1
| #define HAVE_INTTYPES_H 1
| #define HAVE_STDINT_H 1
| #define HAVE_UNISTD_H 1
| #define SIZEOF_SHORT 2
| #define SIZEOF_INT 4
| #define SIZEOF_LONG 8
| #define U16 unsigned short
| #define U32 unsigned
| #define U64 unsigned long
| #define HAVE_DIRENT_H 1
| #define HAVE_SYS_SELECT_H 1
| #define HAVE_SCANDIR 1
| #define HAVE_SCANDIR_POSIX 1
| #define HAVE_VSNPRINTF 1
| #define HAVE_SNPRINTF 1
| #define HAVE_STRINGS_H 1
| #define HAVE_STRCASECMP 1
| #define HAVE_LOCALE_H 1
| #define HAVE_LOCALECONV 1
| #define HAVE_LONG_LONG 1
| #define HAVE_DLSYM 1
| #define HAVE_DLFCN_H 1
| /* end confdefs.h.  */
| #include <alsa/asoundlib.h>
configure:6492: result: no
configure:6492: checking for alsa/asoundlib.h
configure:6492: result: no
configure:6525: checking for gzgets in -lz
configure:6550: gcc -o conftest    conftest.c -lz  -ldl -lm  >&5
configure:6550: $? = 0
configure:6559: result: yes
configure:6563: checking zlib.h usability
configure:6563: gcc -c   conftest.c >&5
configure:6563: $? = 0
configure:6563: result: yes
configure:6563: checking zlib.h presence
configure:6563: gcc -E  conftest.c
configure:6563: $? = 0
configure:6563: result: yes
configure:6563: checking for zlib.h
configure:6563: result: yes
configure:6622: checking for png_read_info in -lpng
configure:6647: gcc -o conftest    conftest.c -lpng  -lz -ldl -lm  >&5
configure:6647: $? = 0
configure:6656: result: yes
configure:6660: checking png.h usability
configure:6660: gcc -c   conftest.c >&5
configure:6660: $? = 0
configure:6660: result: yes
configure:6660: checking png.h presence
configure:6660: gcc -E  conftest.c
configure:6660: $? = 0
configure:6660: result: yes
configure:6660: checking for png.h
configure:6660: result: yes
configure:6670: checking libpng/png.h usability
configure:6670: gcc -c   conftest.c >&5
configure:6670: $? = 0
configure:6670: result: yes
configure:6670: checking libpng/png.h presence
configure:6670: gcc -E  conftest.c
configure:6670: $? = 0
configure:6670: result: yes
configure:6670: checking for libpng/png.h
configure:6670: result: yes
configure:6720: checking for png_get_valid in -lpng
configure:6745: gcc -o conftest    conftest.c -lpng  -lz -ldl -lm  >&5
configure:6745: $? = 0
configure:6754: result: yes
configure:6763: checking for png_set_tRNS_to_alpha in -lpng
configure:6788: gcc -o conftest    conftest.c -lpng  -lz -ldl -lm  >&5
configure:6788: $? = 0
configure:6797: result: yes
configure:6818: checking for jpeg_CreateCompress in -ljpeg
configure:6843: gcc -o conftest    conftest.c -ljpeg  -lz -ldl -lm  >&5
/usr/bin/ld: cannot find -ljpeg
collect2: error: ld returned 1 exit status
configure:6843: $? = 1
configure: failed program was:
| /* confdefs.h */
| #define PACKAGE_NAME "fltk"
| #define PACKAGE_TARNAME "fltk"
| #define PACKAGE_VERSION "1.4.0"
| #define PACKAGE_STRING "fltk 1.4.0"
| #define PACKAGE_BUGREPORT "https://github.com/fltk/fltk/issues"
| #define PACKAGE_URL "https://www.fltk.org/"
| #define FLTK_USE_SVG 1
| #define STDC_HEADERS 1
| #define HAVE_SYS_TYPES_H 1
| #define HAVE_SYS_STAT_H 1
| #define HAVE_STDLIB_H 1
| #define HAVE_STRING_H 1
| #define HAVE_MEMORY_H 1
| #define HAVE_STRINGS_H 1
| #define HAVE_INTTYPES_H 1
| #define HAVE_STDINT_H 1
| #define HAVE_UNISTD_H 1
| #define SIZEOF_SHORT 2
| #define SIZEOF_INT 4
| #define SIZEOF_LONG 8
| #define U16 unsigned short
| #define U32 unsigned
| #define U64 unsigned long
| #define HAVE_DIRENT_H 1
| #define HAVE_SYS_SELECT_H 1
| #define HAVE_SCANDIR 1
| #define HAVE_SCANDIR_POSIX 1
| #define HAVE_VSNPRINTF 1
| #define HAVE_SNPRINTF 1
| #define HAVE_STRINGS_H 1
| #define HAVE_STRCASECMP 1
| #define HAVE_LOCALE_H 1
| #define HAVE_LOCALECONV 1
| #define HAVE_LONG_LONG 1
| #define HAVE_DLSYM 1
| #define HAVE_DLFCN_H 1
| #define HAVE_LIBZ 1
| #define HAVE_PNG_H 1
| #define HAVE_LIBPNG 1
| #define HAVE_PNG_GET_VALID 1
| #define HAVE_PNG_SET_TRNS_TO_ALPHA 1
| /* end confdefs.h.  */
| 
| /* Override any GCC internal prototype to avoid an error.
|    Use char because int might match the return type of a GCC
|    builtin and then its argument prototype would still apply.  */
| #ifdef __cplusplus
| extern "C"
| #endif
| char jpeg_CreateCompress ();
| int
| main ()
| {
| return jpeg_CreateCompress ();
|   ;
|   return 0;
| }
configure:6852: result: no
configure:6941: checking pthread.h usability
configure:6941: gcc -c   conftest.c >&5
configure:6941: $? = 0
configure:6941: result: yes
configure:6941: checking pthread.h presence
configure:6941: gcc -E  conftest.c
configure:6941: $? = 0
configure:6941: result: yes
configure:6941: checking for pthread.h
configure:6941: result: yes
configure:6955: checking for pthread_create using -lpthreads
configure:6970: gcc -o conftest    conftest.c -lpthreads -ldl -lm  >&5
/usr/bin/ld: cannot find -lpthreads
collect2: error: ld returned 1 exit status
configure:6970: $? = 1
configure: failed program was:
| /* confdefs.h */
| #define PACKAGE_NAME "fltk"
| #define PACKAGE_TARNAME "fltk"
| #define PACKAGE_VERSION "1.4.0"
| #define PACKAGE_STRING "fltk 1.4.0"
| #define PACKAGE_BUGREPORT "https://github.com/fltk/fltk/issues"
| #define PACKAGE_URL "https://www.fltk.org/"
| #define FLTK_USE_SVG 1
| #define STDC_HEADERS 1
| #define HAVE_SYS_TYPES_H 1
| #define HAVE_SYS_STAT_H 1
| #define HAVE_STDLIB_H 1
| #define HAVE_STRING_H 1
| #define HAVE_MEMORY_H 1
| #define HAVE_STRINGS_H 1
| #define HAVE_INTTYPES_H 1
| #define HAVE_STDINT_H 1
| #define HAVE_UNISTD_H 1
| #define SIZEOF_SHORT 2
| #define SIZEOF_INT 4
| #define SIZEOF_LONG 8
| #define U16 unsigned short
| #define U32 unsigned
| #define U64 unsigned long
| #define HAVE_DIRENT_H 1
| #define HAVE_SYS_SELECT_H 1
| #define HAVE_SCANDIR 1
| #define HAVE_SCANDIR_POSIX 1
| #define HAVE_VSNPRINTF 1
| #define HAVE_SNPRINTF 1
| #define HAVE_STRINGS_H 1
| #define HAVE_STRCASECMP 1
| #define HAVE_LOCALE_H 1
| #define HAVE_LOCALECONV 1
| #define HAVE_LONG_LONG 1
| #define HAVE_DLSYM 1
| #define HAVE_DLFCN_H 1
| #define HAVE_LIBZ 1
| #define HAVE_PNG_H 1
| #define HAVE_LIBPNG 1
| #define HAVE_PNG_GET_VALID 1
| #define HAVE_PNG_SET_TRNS_TO_ALPHA 1
| #define HAVE_LIBJPEG 1
| #define HAVE_PTHREAD_H 1
| /* end confdefs.h.  */
| #include <pthread.h>
| int
| main ()
| {
| pthread_create(0, 0, 0, 0);
|   ;
|   return 0;
| }
configure:6977: result: no
configure:6955: checking for pthread_create using -lpthread
configure:6970: gcc -o conftest    conftest.c -lpthread -ldl -lm  >&5
configure:6970: $? = 0
configure:6977: result: yes
configure:6955: checking for pthread_create using -pthread
configure:6970: gcc -o conftest    conftest.c -pthread -lpthread -ldl -lm  >&5
configure:6970: $? = 0
configure:6977: result: yes
configure:7000: checking whether we have PTHREAD_MUTEX_RECURSIVE
configure:7026: gcc -c   conftest.c >&5
configure:7026: $? = 0
configure:7040: result: yes
configure:7072: checking for X
configure:7180: gcc -E  conftest.c
configure:7180: $? = 0
configure:7211: gcc -o conftest    conftest.c -lX11 -pthread -lpthread -ldl -lm  >&5
configure:7211: $? = 0
configure:7261: result: libraries , headers 
configure:7453: WARNING: These packages 'wayland-client wayland-protocols wayland-cursor xkbcommon dbus-1 pangocairo' are required to build FLTK for wayland.
configure:7455: WARNING: At least one of them is missing.
configure:7463: WARNING: Continuing with --disable-wayland
configure:7854: gcc -o conftest    conftest.c -pthread -lpthread -ldl -lm   -lX11 >&5
configure:7854: $? = 0
configure:7952: checking for gethostbyname
configure:7952: gcc -o conftest    conftest.c -pthread -lpthread -ldl -lm  >&5
configure:7952: $? = 0
configure:7952: result: yes
configure:8049: checking for connect
configure:8049: gcc -o conftest    conftest.c -pthread -lpthread -ldl -lm  >&5
configure:8049: $? = 0
configure:8049: result: yes
configure:8098: checking for remove
configure:8098: gcc -o conftest    conftest.c -pthread -lpthread -ldl -lm  >&5
configure:8098: $? = 0
configure:8098: result: yes
configure:8147: checking for shmat
configure:8147: gcc -o conftest    conftest.c -pthread -lpthread -ldl -lm  >&5
configure:8147: $? = 0
configure:8147: result: yes
configure:8205: checking for IceConnectionNumber in -lICE
configure:8230: gcc -o conftest    conftest.c -lICE  -pthread -lpthread -ldl -lm  >&5
/usr/bin/ld: cannot find -lICE
collect2: error: ld returned 1 exit status
configure:8230: $? = 1
configure: failed program was:
| /* confdefs.h */
| #define PACKAGE_NAME "fltk"
| #define PACKAGE_TARNAME "fltk"
| #define PACKAGE_VERSION "1.4.0"
| #define PACKAGE_STRING "fltk 1.4.0"
| #define PACKAGE_BUGREPORT "https://github.com/fltk/fltk/issues"
| #define PACKAGE_URL "https://www.fltk.org/"
| #define FLTK_USE_SVG 1
| #define STDC_HEADERS 1
| #define HAVE_SYS_TYPES_H 1
| #define HAVE_SYS_STAT_H 1
| #define HAVE_STDLIB_H 1
| #define HAVE_STRING_H 1
| #define HAVE_MEMORY_H 1
| #define HAVE_STRINGS_H 1
| #define HAVE_INTTYPES_H 1
| #define HAVE_STDINT_H 1
| #define HAVE_UNISTD_H 1
| #define SIZEOF_SHORT 2
| #define SIZEOF_INT 4
| #define SIZEOF_LONG 8
| #define U16 unsigned short
| #define U32 unsigned
| #define U64 unsigned long
| #define HAVE_DIRENT_H 1
| #define HAVE_SYS_SELECT_H 1
| #define HAVE_SCANDIR 1
| #define HAVE_SCANDIR_POSIX 1
| #define HAVE_VSNPRINTF 1
| #define HAVE_SNPRINTF 1
| #define HAVE_STRINGS_H 1
| #define HAVE_STRCASECMP 1
| #define HAVE_LOCALE_H 1
| #define HAVE_LOCALECONV 1
| #define HAVE_LONG_LONG 1
| #define HAVE_DLSYM 1
| #define HAVE_DLFCN_H 1
| #define HAVE_LIBZ 1
| #define HAVE_PNG_H 1
| #define HAVE_LIBPNG 1
| #define HAVE_PNG_GET_VALID 1
| #define HAVE_PNG_SET_TRNS_TO_ALPHA 1
| #define HAVE_LIBJPEG 1
| #define HAVE_PTHREAD_H 1
| #define HAVE_PTHREAD 1
| #define HAVE_PTHREAD 1
| #define HAVE_PTHREAD_MUTEX_RECURSIVE 1
| #define HAVE_PTHREAD 1
| /* end confdefs.h.  */
| 
| /* Override any GCC internal prototype to avoid an error.
|    Use char because int might match the return type of a GCC
|    builtin and then its argument prototype would still apply.  */
| #ifdef __cplusplus
| extern "C"
| #endif
| char IceConnectionNumber ();
| int
| main ()
| {
| return IceConnectionNumber ();
|   ;
|   return 0;
| }
configure:8239: result: no
configure:8289: checking for library containing dlopen
configure:8320: gcc -o conftest      conftest.c -pthread -lpthread -ldl -lm  -lX11  >&5
configure:8320: $? = 0
configure:8337: result: none required
configure:8345: checking GL/gl.h usability
configure:8345: gcc -c    conftest.c >&5
configure:8345: $? = 0
configure:8345: result: yes
configure:8345: checking GL/gl.h presence
configure:8345: gcc -E  conftest.c
configure:8345: $? = 0
configure:8345: result: yes
configure:8345: checking for GL/gl.h
configure:8345: result: yes
configure:8348: checking for glXMakeCurrent in -lGL
configure:8373: gcc -o conftest      conftest.c -lGL -lm -pthread -lpthread -ldl -lm  -lX11  >&5
configure:8373: $? = 0
configure:8382: result: yes
configure:8439: checking for glXGetProcAddressARB in -lGL
configure:8464: gcc -o conftest      conftest.c -lGL -lm -pthread -lpthread -ldl -lm  -lX11  >&5
configure:8464: $? = 0
configure:8473: result: yes
configure:8486: checking GL/glu.h usability
configure:8486: gcc -c    conftest.c >&5
conftest.c:86:10: fatal error: GL/glu.h: No such file or directory
   86 | #include <GL/glu.h>
      |          ^~~~~~~~~~
compilation terminated.
configure:8486: $? = 1
configure: failed program was:
| /* confdefs.h */
| #define PACKAGE_NAME "fltk"
| #define PACKAGE_TARNAME "fltk"
| #define PACKAGE_VERSION "1.4.0"
| #define PACKAGE_STRING "fltk 1.4.0"
| #define PACKAGE_BUGREPORT "https://github.com/fltk/fltk/issues"
| #define PACKAGE_URL "https://www.fltk.org/"
| #define FLTK_USE_SVG 1
| #define STDC_HEADERS 1
| #define HAVE_SYS_TYPES_H 1
| #define HAVE_SYS_STAT_H 1
| #define HAVE_STDLIB_H 1
| #define HAVE_STRING_H 1
| #define HAVE_MEMORY_H 1
| #define HAVE_STRINGS_H 1
| #define HAVE_INTTYPES_H 1
| #define HAVE_STDINT_H 1
| #define HAVE_UNISTD_H 1
| #define SIZEOF_SHORT 2
| #define SIZEOF_INT 4
| #define SIZEOF_LONG 8
| #define U16 unsigned short
| #define U32 unsigned
| #define U64 unsigned long
| #define HAVE_DIRENT_H 1
| #define HAVE_SYS_SELECT_H 1
| #define HAVE_SCANDIR 1
| #define HAVE_SCANDIR_POSIX 1
| #define HAVE_VSNPRINTF 1
| #define HAVE_SNPRINTF 1
| #define HAVE_STRINGS_H 1
| #define HAVE_STRCASECMP 1
| #define HAVE_LOCALE_H 1
| #define HAVE_LOCALECONV 1
| #define HAVE_LONG_LONG 1
| #define HAVE_DLSYM 1
| #define HAVE_DLFCN_H 1
| #define HAVE_LIBZ 1
| #define HAVE_PNG_H 1
| #define HAVE_LIBPNG 1
| #define HAVE_PNG_GET_VALID 1
| #define HAVE_PNG_SET_TRNS_TO_ALPHA 1
| #define HAVE_LIBJPEG 1
| #define HAVE_PTHREAD_H 1
| #define HAVE_PTHREAD 1
| #define HAVE_PTHREAD 1
| #define HAVE_PTHREAD_MUTEX_RECURSIVE 1
| #define HAVE_PTHREAD 1
| #define FLTK_USE_X11 1
| #define HAVE_GL 1
| #define HAVE_GLXGETPROCADDRESSARB 1
| /* end confdefs.h.  */
| #include <stdio.h>
| #ifdef HAVE_SYS_TYPES_H
| # include <sys/types.h>
| #endif
| #ifdef HAVE_SYS_STAT_H
| # include <sys/stat.h>
| #endif
| #ifdef STDC_HEADERS
| # include <stdlib.h>
| # include <stddef.h>
| #else
| # ifdef HAVE_STDLIB_H
| #  include <stdlib.h>
| # endif
| #endif
| #ifdef HAVE_STRING_H
| # if !defined STDC_HEADERS && defined HAVE_MEMORY_H
| #  include <memory.h>
| # endif
| # include <string.h>
| #endif
| #ifdef HAVE_STRINGS_H
| # include <strings.h>
| #endif
| #ifdef HAVE_INTTYPES_H
| # include <inttypes.h>
| #endif
| #ifdef HAVE_STDINT_H
| # include <stdint.h>
| #endif
| #ifdef HAVE_UNISTD_H
| # include <unistd.h>
| #endif
| #include <GL/glu.h>
configure:8486: result: no
configure:8486: checking GL/glu.h presence
configure:8486: gcc -E  conftest.c
conftest.c:53:10: fatal error: GL/glu.h: No such file or directory
   53 | #include <GL/glu.h>
      |          ^~~~~~~~~~
compilation terminated.
configure:8486: $? = 1
configure: failed program was:
| /* confdefs.h */
| #define PACKAGE_NAME "fltk"
| #define PACKAGE_TARNAME "fltk"
| #define PACKAGE_VERSION "1.4.0"
| #define PACKAGE_STRING "fltk 1.4.0"
| #define PACKAGE_BUGREPORT "https://github.com/fltk/fltk/issues"
| #define PACKAGE_URL "https://www.fltk.org/"
| #define FLTK_USE_SVG 1
| #define STDC_HEADERS 1
| #define HAVE_SYS_TYPES_H 1
| #define HAVE_SYS_STAT_H 1
| #define HAVE_STDLIB_H 1
| #define HAVE_STRING_H 1
| #define HAVE_MEMORY_H 1
| #define HAVE_STRINGS_H 1
| #define HAVE_INTTYPES_H 1
| #define HAVE_STDINT_H 1
| #define HAVE_UNISTD_H 1
| #define SIZEOF_SHORT 2
| #define SIZEOF_INT 4
| #define SIZEOF_LONG 8
| #define U16 unsigned short
| #define U32 unsigned
| #define U64 unsigned long
| #define HAVE_DIRENT_H 1
| #define HAVE_SYS_SELECT_H 1
| #define HAVE_SCANDIR 1
| #define HAVE_SCANDIR_POSIX 1
| #define HAVE_VSNPRINTF 1
| #define HAVE_SNPRINTF 1
| #define HAVE_STRINGS_H 1
| #define HAVE_STRCASECMP 1
| #define HAVE_LOCALE_H 1
| #define HAVE_LOCALECONV 1
| #define HAVE_LONG_LONG 1
| #define HAVE_DLSYM 1
| #define HAVE_DLFCN_H 1
| #define HAVE_LIBZ 1
| #define HAVE_PNG_H 1
| #define HAVE_LIBPNG 1
| #define HAVE_PNG_GET_VALID 1
| #define HAVE_PNG_SET_TRNS_TO_ALPHA 1
| #define HAVE_LIBJPEG 1
| #define HAVE_PTHREAD_H 1
| #define HAVE_PTHREAD 1
| #define HAVE_PTHREAD 1
| #define HAVE_PTHREAD_MUTEX_RECURSIVE 1
| #define HAVE_PTHREAD 1
| #define FLTK_USE_X11 1
| #define HAVE_GL 1
| #define HAVE_GLXGETPROCADDRESSARB 1
| /* end confdefs.h.  */
| #include <GL/glu.h>
configure:8486: result: no
configure:8486: checking for GL/glu.h
configure:8486: result: no
configure:8527: checking for XineramaIsActive in -lXinerama
configure:8552: gcc -o conftest      conftest.c -lXinerama  -pthread -lpthread -ldl -lm  -lX11  >&5
/usr/bin/ld: cannot find -lXinerama
collect2: error: ld returned 1 exit status
configure:8552: $? = 1
configure: failed program was:
| /* confdefs.h */
| #define PACKAGE_NAME "fltk"
| #define PACKAGE_TARNAME "fltk"
| #define PACKAGE_VERSION "1.4.0"
| #define PACKAGE_STRING "fltk 1.4.0"
| #define PACKAGE_BUGREPORT "https://github.com/fltk/fltk/issues"
| #define PACKAGE_URL "https://www.fltk.org/"
| #define FLTK_USE_SVG 1
| #define STDC_HEADERS 1
| #define HAVE_SYS_TYPES_H 1
| #define HAVE_SYS_STAT_H 1
| #define HAVE_STDLIB_H 1
| #define HAVE_STRING_H 1
| #define HAVE_MEMORY_H 1
| #define HAVE_STRINGS_H 1
| #define HAVE_INTTYPES_H 1
| #define HAVE_STDINT_H 1
| #define HAVE_UNISTD_H 1
| #define SIZEOF_SHORT 2
| #define SIZEOF_INT 4
| #define SIZEOF_LONG 8
| #define U16 unsigned short
| #define U32 unsigned
| #define U64 unsigned long
| #define HAVE_DIRENT_H 1
| #define HAVE_SYS_SELECT_H 1
| #define HAVE_SCANDIR 1
| #define HAVE_SCANDIR_POSIX 1
| #define HAVE_VSNPRINTF 1
| #define HAVE_SNPRINTF 1
| #define HAVE_STRINGS_H 1
| #define HAVE_STRCASECMP 1
| #define HAVE_LOCALE_H 1
| #define HAVE_LOCALECONV 1
| #define HAVE_LONG_LONG 1
| #define HAVE_DLSYM 1
| #define HAVE_DLFCN_H 1
| #define HAVE_LIBZ 1
| #define HAVE_PNG_H 1
| #define HAVE_LIBPNG 1
| #define HAVE_PNG_GET_VALID 1
| #define HAVE_PNG_SET_TRNS_TO_ALPHA 1
| #define HAVE_LIBJPEG 1
| #define HAVE_PTHREAD_H 1
| #define HAVE_PTHREAD 1
| #define HAVE_PTHREAD 1
| #define HAVE_PTHREAD_MUTEX_RECURSIVE 1
| #define HAVE_PTHREAD 1
| #define FLTK_USE_X11 1
| #define HAVE_GL 1
| #define HAVE_GLXGETPROCADDRESSARB 1
| /* end confdefs.h.  */
| 
| /* Override any GCC internal prototype to avoid an error.
|    Use char because int might match the return type of a GCC
|    builtin and then its argument prototype would still apply.  */
| #ifdef __cplusplus
| extern "C"
| #endif
| char XineramaIsActive ();
| int
| main ()
| {
| return XineramaIsActive ();
|   ;
|   return 0;
| }
configure:8561: result: no
configure:8652: checking for FcPatternCreate in -lfontconfig
configure:8677: gcc -o conftest -I/usr/include/uuid -I/usr/include/freetype2 -I/usr/include/libpng16   -I/usr/include/uuid -I/usr/include/freetype2 -I/usr/include/libpng16    conftest.c -lfontconfig  -pthread -lpthread -ldl -lm  -lX11  >&5
configure:8677: $? = 0
configure:8686: result: yes
configure:8697: checking X11/Xft/Xft.h usability
configure:8697: gcc -c -I/usr/include/uuid -I/usr/include/freetype2 -I/usr/include/libpng16   -I/usr/include/uuid -I/usr/include/freetype2 -I/usr/include/libpng16  conftest.c >&5
configure:8697: $? = 0
configure:8697: result: yes
configure:8697: checking X11/Xft/Xft.h presence
configure:8697: gcc -E -I/usr/include/uuid -I/usr/include/freetype2 -I/usr/include/libpng16  conftest.c
configure:8697: $? = 0
configure:8697: result: yes
configure:8697: checking for X11/Xft/Xft.h
configure:8697: result: yes
configure:8700: checking for XftDrawCreate in -lXft
configure:8725: gcc -o conftest -I/usr/include/uuid -I/usr/include/freetype2 -I/usr/include/libpng16   -I/usr/include/uuid -I/usr/include/freetype2 -I/usr/include/libpng16    conftest.c -lXft  -lfontconfig -pthread -lpthread -ldl -lm  -lX11  >&5
configure:8725: $? = 0
configure:8734: result: yes
configure:9008: checking for X11/extensions/Xfixes.h
configure:9008: gcc -c -I/usr/include/uuid -I/usr/include/freetype2 -I/usr/include/libpng16   -I/usr/include/uuid -I/usr/include/freetype2 -I/usr/include/libpng16  conftest.c >&5
configure:9008: $? = 0
configure:9008: result: yes
configure:9012: checking for XFixesQueryExtension in -lXfixes
configure:9037: gcc -o conftest -I/usr/include/uuid -I/usr/include/freetype2 -I/usr/include/libpng16   -I/usr/include/uuid -I/usr/include/freetype2 -I/usr/include/libpng16    conftest.c -lXfixes  -lXft -lfontconfig -pthread -lpthread -ldl -lm  -lX11  >&5
configure:9037: $? = 0
configure:9046: result: yes
configure:9067: checking for X11/Xcursor/Xcursor.h
configure:9067: gcc -c -I/usr/include/uuid -I/usr/include/freetype2 -I/usr/include/libpng16   -I/usr/include/uuid -I/usr/include/freetype2 -I/usr/include/libpng16  conftest.c >&5
conftest.c:58:10: fatal error: X11/Xcursor/Xcursor.h: No such file or directory
   58 | #include <X11/Xcursor/Xcursor.h>
      |          ^~~~~~~~~~~~~~~~~~~~~~~
compilation terminated.
configure:9067: $? = 1
configure: failed program was:
| /* confdefs.h */
| #define PACKAGE_NAME "fltk"
| #define PACKAGE_TARNAME "fltk"
| #define PACKAGE_VERSION "1.4.0"
| #define PACKAGE_STRING "fltk 1.4.0"
| #define PACKAGE_BUGREPORT "https://github.com/fltk/fltk/issues"
| #define PACKAGE_URL "https://www.fltk.org/"
| #define FLTK_USE_SVG 1
| #define STDC_HEADERS 1
| #define HAVE_SYS_TYPES_H 1
| #define HAVE_SYS_STAT_H 1
| #define HAVE_STDLIB_H 1
| #define HAVE_STRING_H 1
| #define HAVE_MEMORY_H 1
| #define HAVE_STRINGS_H 1
| #define HAVE_INTTYPES_H 1
| #define HAVE_STDINT_H 1
| #define HAVE_UNISTD_H 1
| #define SIZEOF_SHORT 2
| #define SIZEOF_INT 4
| #define SIZEOF_LONG 8
| #define U16 unsigned short
| #define U32 unsigned
| #define U64 unsigned long
| #define HAVE_DIRENT_H 1
| #define HAVE_SYS_SELECT_H 1
| #define HAVE_SCANDIR 1
| #define HAVE_SCANDIR_POSIX 1
| #define HAVE_VSNPRINTF 1
| #define HAVE_SNPRINTF 1
| #define HAVE_STRINGS_H 1
| #define HAVE_STRCASECMP 1
| #define HAVE_LOCALE_H 1
| #define HAVE_LOCALECONV 1
| #define HAVE_LONG_LONG 1
| #define HAVE_DLSYM 1
| #define HAVE_DLFCN_H 1
| #define HAVE_LIBZ 1
| #define HAVE_PNG_H 1
| #define HAVE_LIBPNG 1
| #define HAVE_PNG_GET_VALID 1
| #define HAVE_PNG_SET_TRNS_TO_ALPHA 1
| #define HAVE_LIBJPEG 1
| #define HAVE_PTHREAD_H 1
| #define HAVE_PTHREAD 1
| #define HAVE_PTHREAD 1
| #define HAVE_PTHREAD_MUTEX_RECURSIVE 1
| #define HAVE_PTHREAD 1
| #define FLTK_USE_X11 1
| #define HAVE_GL 1
| #define HAVE_GLXGETPROCADDRESSARB 1
| #define HAVE_LIBFONTCONFIG 1
| #define USE_XFT 1
| #define HAVE_XFIXES 1
| /* end confdefs.h.  */
| #include <X11/Xlib.h>
| 
| #include <X11/Xcursor/Xcursor.h>
configure:9067: result: no
configure:9126: checking for X11/extensions/Xrender.h
configure:9126: gcc -c -I/usr/include/uuid -I/usr/include/freetype2 -I/usr/include/libpng16   -I/usr/include/uuid -I/usr/include/freetype2 -I/usr/include/libpng16  conftest.c >&5
configure:9126: $? = 0
configure:9126: result: yes
configure:9130: checking for XRenderQueryVersion in -lXrender
configure:9155: gcc -o conftest -I/usr/include/uuid -I/usr/include/freetype2 -I/usr/include/libpng16   -I/usr/include/uuid -I/usr/include/freetype2 -I/usr/include/libpng16    conftest.c -lXrender  -lXfixes -lXft -lfontconfig -pthread -lpthread -ldl -lm  -lX11  >&5
configure:9155: $? = 0
configure:9164: result: yes
configure:9198: checking for X11/Xregion.h
configure:9198: gcc -c -I/usr/include/uuid -I/usr/include/freetype2 -I/usr/include/libpng16   -I/usr/include/uuid -I/usr/include/freetype2 -I/usr/include/libpng16  conftest.c >&5
configure:9198: $? = 0
configure:9198: result: yes
configure:9393: checking if GCC supports -fno-exceptions
configure:9408: gcc -c -I/usr/include/uuid -I/usr/include/freetype2 -I/usr/include/libpng16   -fno-exceptions -I/usr/include/uuid -I/usr/include/freetype2 -I/usr/include/libpng16  conftest.c >&5
configure:9408: $? = 0
configure:9410: result: yes
configure:9420: checking if GCC supports -fno-strict-aliasing
configure:9435: gcc -c -I/usr/include/uuid -I/usr/include/freetype2 -I/usr/include/libpng16   -fno-strict-aliasing -I/usr/include/uuid -I/usr/include/freetype2 -I/usr/include/libpng16  conftest.c >&5
configure:9435: $? = 0
configure:9437: result: yes
configure:9447: checking if ld supports -no-undefined
configure:9462: gcc -o conftest -I/usr/include/uuid -I/usr/include/freetype2 -I/usr/include/libpng16   -I/usr/include/uuid -I/usr/include/freetype2 -I/usr/include/libpng16    -Wl,-no-undefined conftest.c -lXrender -lXfixes -lXft -lfontconfig -pthread -lpthread -ldl -lm  -lX11  >&5
configure:9462: $? = 0
configure:9464: result: yes
configure:9475: checking if ld supports -Bsymbolic-functions
configure:9490: gcc -o conftest -I/usr/include/uuid -I/usr/include/freetype2 -I/usr/include/libpng16   -I/usr/include/uuid -I/usr/include/freetype2 -I/usr/include/libpng16    -Wl,-Bsymbolic-functions conftest.c -lXrender -lXfixes -lXft -lfontconfig -pthread -lpthread -ldl -lm  -lX11  >&5
configure:9490: $? = 0
configure:9492: result: yes
configure:9503: checking if toolchain supports sections
configure:9520: gcc -o conftest -I/usr/include/uuid -I/usr/include/freetype2 -I/usr/include/libpng16   -ffunction-sections -fdata-sections -I/usr/include/uuid -I/usr/include/freetype2 -I/usr/include/libpng16    -Wl,-gc-sections conftest.c -lXrender -lXfixes -lXft -lfontconfig -pthread -lpthread -ldl -lm  -lX11  >&5
configure:9520: $? = 0
configure:9523: result: yes
configure:10060: creating ./config.status

## ---------------------- ##
## Running config.status. ##
## ---------------------- ##

This file was extended by fltk config.status 1.4.0, which was
generated by GNU Autoconf 2.69.  Invocation command line was

  CONFIG_FILES    = 
  CONFIG_HEADERS  = 
  CONFIG_LINKS    = 
  CONFIG_COMMANDS = 
  $ ./config.status 

on debian

config.status:942: creating makeinclude
config.status:942: creating fltk.list
config.status:942: creating fltk-config
config.status:942: creating fltk.spec
config.status:942: creating FL/Makefile
config.status:942: creating config.h
config.status:942: creating FL/fl_config.h

## ---------------- ##
## Cache variables. ##
## ---------------- ##

ac_cv_build=x86_64-unknown-linux-gnu
ac_cv_c_bigendian=no
ac_cv_c_compiler_gnu=yes
ac_cv_c_long_long=yes
ac_cv_cxx_compiler_gnu=yes
ac_cv_cxx_scandir_posix=yes
ac_cv_env_CCC_set=
ac_cv_env_CCC_value=
ac_cv_env_CC_set=
ac_cv_env_CC_value=
ac_cv_env_CFLAGS_set=
ac_cv_env_CFLAGS_value=
ac_cv_env_CPPFLAGS_set=
ac_cv_env_CPPFLAGS_value=
ac_cv_env_CPP_set=
ac_cv_env_CPP_value=
ac_cv_env_CXXFLAGS_set=
ac_cv_env_CXXFLAGS_value=
ac_cv_env_CXX_set=
ac_cv_env_CXX_value=
ac_cv_env_LDFLAGS_set=
ac_cv_env_LDFLAGS_value=
ac_cv_env_LIBS_set=
ac_cv_env_LIBS_value=
ac_cv_env_XMKMF_set=
ac_cv_env_XMKMF_value=
ac_cv_env_build_alias_set=
ac_cv_env_build_alias_value=
ac_cv_env_host_alias_set=
ac_cv_env_host_alias_value=
ac_cv_env_target_alias_set=
ac_cv_env_target_alias_value=
ac_cv_func_connect=yes
ac_cv_func_gethostbyname=yes
ac_cv_func_localeconv=yes
ac_cv_func_remove=yes
ac_cv_func_shmat=yes
ac_cv_func_snprintf=yes
ac_cv_func_strcasecmp=yes
ac_cv_func_strlcat=no
ac_cv_func_strlcpy=no
ac_cv_func_vsnprintf=yes
ac_cv_have_x='have_x=yes	ac_x_includes='\'''\''	ac_x_libraries='\'''\'''
ac_cv_header_GL_gl_h=yes
ac_cv_header_GL_glu_h=no
ac_cv_header_X11_Xcursor_Xcursor_h=no
ac_cv_header_X11_Xft_Xft_h=yes
ac_cv_header_X11_Xregion_h=yes
ac_cv_header_X11_extensions_Xfixes_h=yes
ac_cv_header_X11_extensions_Xrender_h=yes
ac_cv_header_alsa_asoundlib_h=no
ac_cv_header_dirent_dirent_h=yes
ac_cv_header_dlfcn_h=yes
ac_cv_header_inttypes_h=yes
ac_cv_header_libpng_png_h=yes
ac_cv_header_locale_h=yes
ac_cv_header_memory_h=yes
ac_cv_header_png_h=yes
ac_cv_header_pthread_h=yes
ac_cv_header_stdc=yes
ac_cv_header_stdint_h=yes
ac_cv_header_stdlib_h=yes
ac_cv_header_string_h=yes
ac_cv_header_strings_h=yes
ac_cv_header_sys_select_h=yes
ac_cv_header_sys_stat_h=yes
ac_cv_header_sys_stdtypes_h=no
ac_cv_header_sys_types_h=yes
ac_cv_header_unistd_h=yes
ac_cv_header_zlib_h=yes
ac_cv_host=x86_64-unknown-linux-gnu
ac_cv_lib_GL_glXGetProcAddressARB=yes
ac_cv_lib_GL_glXMakeCurrent=yes
ac_cv_lib_ICE_IceConnectionNumber=no
ac_cv_lib_Xfixes_XFixesQueryExtension=yes
ac_cv_lib_Xft_XftDrawCreate=yes
ac_cv_lib_Xinerama_XineramaIsActive=no
ac_cv_lib_Xrender_XRenderQueryVersion=yes
ac_cv_lib_fontconfig_FcPatternCreate=yes
ac_cv_lib_jpeg_jpeg_CreateCompress=no
ac_cv_lib_png_png_get_valid=yes
ac_cv_lib_png_png_read_info=yes
ac_cv_lib_png_png_set_tRNS_to_alpha=yes
ac_cv_lib_z_gzgets=yes
ac_cv_objext=o
ac_cv_path_EGREP='/usr/bin/grep -E'
ac_cv_path_GREP=/usr/bin/grep
ac_cv_path_NROFF=/usr/bin/nroff
ac_cv_path_ac_pt_AR=/usr/bin/ar
ac_cv_path_ac_pt_PKGCONFIG=/usr/bin/pkg-config
ac_cv_path_install='/usr/bin/install -c'
ac_cv_prog_CPP='gcc -E'
ac_cv_prog_ac_ct_CC=gcc
ac_cv_prog_ac_ct_CXX=g++
ac_cv_prog_ac_ct_RANLIB=ranlib
ac_cv_prog_cc_c89=
ac_cv_prog_cc_g=yes
ac_cv_prog_cxx_g=yes
ac_cv_pthread_mutex_recursive=yes
ac_cv_search_dlopen='none required'
ac_cv_search_dlsym=-ldl
ac_cv_search_opendir='none required'
ac_cv_search_pow=-lm
ac_cv_sizeof_int=4
ac_cv_sizeof_long=8
ac_cv_sizeof_short=2
ac_cv_sys_file_offset_bits=no
ac_cv_sys_largefile_CC=no

## ----------------- ##
## Output variables. ##
## ----------------- ##

AR='/usr/bin/ar'
ARCHFLAGS=''
AUDIOLIBS=''
BINARY_DIR=''
BUILD='XFT'
CAIRODIR=''
CAIRODSONAME=''
CAIROFLAGS=''
CAIROLIBBASENAME='libfltk_cairo.a'
CAIROLIBNAME='../lib/libfltk_cairo.a'
CAIROLIBS=''
CAT1EXT='1'
CAT3EXT='3'
CAT6EXT='6'
CC='gcc'
CFLAGS='-I/usr/include/uuid -I/usr/include/freetype2 -I/usr/include/libpng16  '
CPP='gcc -E'
CPPFLAGS='-I/usr/include/uuid -I/usr/include/freetype2 -I/usr/include/libpng16 '
CXX='g++'
CXXFLAGS='-I/usr/include/uuid -I/usr/include/freetype2 -I/usr/include/libpng16  '
DEFS='-DHAVE_CONFIG_H'
DOXYDOC=''
DSOCOMMAND='echo'
DSOFLAGS='  -Wl,-no-undefined -Wl,-Bsymbolic-functions -Wl,-gc-sections'
DSOLINK=''
DSONAME=''
ECHO_C=''
ECHO_N='-n'
ECHO_T=''
EGREP='/usr/bin/grep -E'
EXEEXT=''
FLDSONAME=''
FLLIBBASENAME='libfltk_forms.a'
FLLIBNAME='../lib/libfltk_forms.a'
FLTKCAIROOPTION=''
FLTK_VERSION='1.4.0'
FLTK_VERSION_MAJOR='1'
FLTK_VERSION_MINOR='4'
FLTK_VERSION_PATCH='0'
FLUID='fluid'
FLUID_BUILD='../fluid/fluid'
FL_ABI_VERSION='1.4.0'
FL_DSO_VERSION='1.4'
FTCONFIG=''
GLDEMOS='gldemos'
GLDSONAME=''
GLLIBBASENAME='libfltk_gl.a'
GLLIBNAME='../lib/libfltk_gl.a'
GLLIBS='-lGL'
GLWLDEMO=''
GREP='/usr/bin/grep'
HAVE_PNG_H=''
HAVE_PTHREAD_MUTEX_RECURSIVE=''
HLINKS='#'
IMAGELIBS='-lfltk_jpeg -lpng -lz '
IMGDSONAME=''
IMGLIBBASENAME='libfltk_images.a'
IMGLIBNAME='../lib/libfltk_images.a'
INSTALL_DATA='${INSTALL} -m 644'
INSTALL_DESKTOP='install-linux'
INSTALL_PROGRAM='${INSTALL}'
INSTALL_SCRIPT='${INSTALL}'
JPEG='jpeg'
JPEGINC='-I../jpeg'
LARGEFILE='-D_LARGEFILE_SOURCE -D_LARGEFILE64_SOURCE'
LDFLAGS=' '
LIBBASENAME='libfltk.a'
LIBCOMMAND='/usr/bin/ar cr'
LIBDECORDIR=''
LIBEXT='.a'
LIBNAME='../lib/libfltk.a'
LIBOBJS=''
LIBS='-lXrender -lXfixes -lXft -lfontconfig -pthread -lpthread -ldl -lm  -lX11 '
LINKFLTK='../lib/libfltk.a'
LINKFLTKCAIRO=''
LINKFLTKFORMS='../lib/libfltk_forms.a'
LINKFLTKGL='../lib/libfltk_gl.a'
LINKFLTKIMG='../lib/libfltk_images.a'
LINKSHARED=' ../lib/libfltk_images.a ../lib/libfltk_forms.a ../lib/libfltk.a'
LTLIBOBJS=''
MAKEDEPEND='$(CXX) -M'
NROFF='/usr/bin/nroff'
OBJEXT='o'
OPTIM=' -Os -Wall -Wunused -Wno-format-y2k  -fno-exceptions -fno-strict-aliasing -ffunction-sections -fdata-sections'
OSX_ONLY=':'
PACKAGE_BUGREPORT='https://github.com/fltk/fltk/issues'
PACKAGE_NAME='fltk'
PACKAGE_STRING='fltk 1.4.0'
PACKAGE_TARNAME='fltk'
PACKAGE_URL='https://www.fltk.org/'
PACKAGE_VERSION='1.4.0'
PATH_SEPARATOR=':'
PKGCONFIG='/usr/bin/pkg-config'
PNG=''
PNGINC=''
PTHREAD_FLAGS='-D_THREAD_SAFE -D_REENTRANT'
RANLIB='ranlib'
RC=''
SHAREDSUFFIX=''
SHELL='/bin/bash'
STATICIMAGELIBS='$libdir/libfltk_jpeg.a -lpng -lz '
THREADS='threads'
UNAME=''
UNINSTALL_DESKTOP='uninstall-linux'
XMKMF=''
X_CFLAGS=''
X_EXTRA_LIBS=''
X_LIBS=''
X_PRE_LIBS=''
ZLIB=''
ZLIBINC=''
ac_ct_CC='gcc'
ac_ct_CXX='g++'
bindir='${exec_prefix}/bin'
build='x86_64-unknown-linux-gnu'
build_alias=''
build_cpu='x86_64'
build_os='linux-gnu'
build_vendor='unknown'
datadir='${datarootdir}'
datarootdir='${prefix}/share'
docdir='${datarootdir}/doc/${PACKAGE_TARNAME}'
dvidir='${docdir}'
exec_prefix='${prefix}'
host='x86_64-unknown-linux-gnu'
host_alias=''
host_cpu='x86_64'
host_os='linux-gnu'
host_vendor='unknown'
htmldir='${docdir}'
includedir='${prefix}/include'
infodir='${datarootdir}/info'
libdir='${exec_prefix}/lib'
libexecdir='${exec_prefix}/libexec'
localedir='${datarootdir}/locale'
localstatedir='${prefix}/var'
mandir='${datarootdir}/man'
oldincludedir='/usr/include'
pdfdir='${docdir}'
prefix='/usr/local'
program_transform_name='s,x,x,'
psdir='${docdir}'
runstatedir='${localstatedir}/run'
sbindir='${exec_prefix}/sbin'
sharedstatedir='${prefix}/com'
sysconfdir='${prefix}/etc'
target_alias=''

## ----------- ##
## confdefs.h. ##
## ----------- ##

/* confdefs.h */
#define PACKAGE_NAME "fltk"
#define PACKAGE_TARNAME "fltk"
#define PACKAGE_VERSION "1.4.0"
#define PACKAGE_STRING "fltk 1.4.0"
#define PACKAGE_BUGREPORT "https://github.com/fltk/fltk/issues"
#define PACKAGE_URL "https://www.fltk.org/"
#define FLTK_USE_SVG 1
#define STDC_HEADERS 1
#define HAVE_SYS_TYPES_H 1
#define HAVE_SYS_STAT_H 1
#define HAVE_STDLIB_H 1
#define HAVE_STRING_H 1
#define HAVE_MEMORY_H 1
#define HAVE_STRINGS_H 1
#define HAVE_INTTYPES_H 1
#define HAVE_STDINT_H 1
#define HAVE_UNISTD_H 1
#define SIZEOF_SHORT 2
#define SIZEOF_INT 4
#define SIZEOF_LONG 8
#define U16 unsigned short
#define U32 unsigned
#define U64 unsigned long
#define HAVE_DIRENT_H 1
#define HAVE_SYS_SELECT_H 1
#define HAVE_SCANDIR 1
#define HAVE_SCANDIR_POSIX 1
#define HAVE_VSNPRINTF 1
#define HAVE_SNPRINTF 1
#define HAVE_STRINGS_H 1
#define HAVE_STRCASECMP 1
#define HAVE_LOCALE_H 1
#define HAVE_LOCALECONV 1
#define HAVE_LONG_LONG 1
#define HAVE_DLSYM 1
#define HAVE_DLFCN_H 1
#define HAVE_LIBZ 1
#define HAVE_PNG_H 1
#define HAVE_LIBPNG 1
#define HAVE_PNG_GET_VALID 1
#define HAVE_PNG_SET_TRNS_TO_ALPHA 1
#define HAVE_LIBJPEG 1
#define HAVE_PTHREAD_H 1
#define HAVE_PTHREAD 1
#define HAVE_PTHREAD 1
#define HAVE_PTHREAD_MUTEX_RECURSIVE 1
#define HAVE_PTHREAD 1
#define FLTK_USE_X11 1
#define HAVE_GL 1
#define HAVE_GLXGETPROCADDRESSARB 1
#define HAVE_LIBFONTCONFIG 1
#define USE_XFT 1
#define HAVE_XFIXES 1
#define HAVE_XRENDER 1
#define HAVE_X11_XREGION_H 1
#define FLTK_DOCDIR "/usr/local/share/doc/fltk"
#define FLTK_DATADIR "/usr/local/share/fltk"

configure: exit 0
